[0317/211236:WARNING:resource_bundle.cc(304)] locale_file_path.empty()
[0317/211236:ERROR:main_delegate.cc(564)] Could not load locale pak for en-US
[0317/211236:ERROR:main_delegate.cc(571)] Could not load cef.pak
[0317/211236:ERROR:main_delegate.cc(588)] Could not load cef_100_percent.pak
[0317/211236:WARNING:resource_bundle.cc(497)] locale resources are not loaded
[0317/211236:WARNING:resource_bundle.cc(304)] locale_file_path.empty()
[0317/211236:ERROR:main_delegate.cc(564)] Could not load locale pak for en-US
[0317/211236:ERROR:main_delegate.cc(571)] Could not load cef.pak
[0317/211236:ERROR:main_delegate.cc(588)] Could not load cef_100_percent.pak
[0317/211236:WARNING:resource_bundle.cc(497)] locale resources are not loaded
[0317/211236:WARNING:resource_bundle.cc(304)] locale_file_path.empty()
[0317/211236:ERROR:main_delegate.cc(564)] Could not load locale pak for en-US
[0317/211236:ERROR:main_delegate.cc(571)] Could not load cef.pak
[0317/211236:ERROR:main_delegate.cc(588)] Could not load cef_100_percent.pak
[0317/211236:WARNING:resource_bundle.cc(304)] locale_file_path.empty()
[0317/211236:ERROR:main_delegate.cc(564)] Could not load locale pak for en-US
[0317/211236:ERROR:main_delegate.cc(571)] Could not load cef.pak
[0317/211236:ERROR:main_delegate.cc(588)] Could not load cef_100_percent.pak
[0317/211241:WARNING:resource_bundle.cc(304)] locale_file_path.empty()
[0317/211241:ERROR:main_delegate.cc(564)] Could not load locale pak for en-US
[0317/211241:ERROR:main_delegate.cc(571)] Could not load cef.pak
[0317/211241:ERROR:main_delegate.cc(588)] Could not load cef_100_percent.pak
[0317/211241:ERROR:renderer_main.cc(207)] Running without renderer sandbox
[0317/211241:WARNING:resource_bundle.cc(304)] locale_file_path.empty()
[0317/211241:ERROR:main_delegate.cc(564)] Could not load locale pak for en-US
[0317/211241:ERROR:main_delegate.cc(571)] Could not load cef.pak
[0317/211241:ERROR:main_delegate.cc(588)] Could not load cef_100_percent.pak
[0317/211241:ERROR:renderer_main.cc(207)] Running without renderer sandbox
[0317/211251:WARNING:resource_bundle.cc(304)] locale_file_path.empty()
[0317/211251:ERROR:main_delegate.cc(564)] Could not load locale pak for en-US
[0317/211251:ERROR:main_delegate.cc(571)] Could not load cef.pak
[0317/211251:ERROR:main_delegate.cc(588)] Could not load cef_100_percent.pak
[0317/211251:WARNING:resource_bundle.cc(497)] locale resources are not loaded
[0317/211251:WARNING:resource_bundle.cc(304)] locale_file_path.empty()
[0317/211251:ERROR:main_delegate.cc(564)] Could not load locale pak for en-US
[0317/211251:ERROR:main_delegate.cc(571)] Could not load cef.pak
[0317/211251:ERROR:main_delegate.cc(588)] Could not load cef_100_percent.pak
[0317/211251:WARNING:resource_bundle.cc(497)] locale resources are not loaded
[0317/211251:WARNING:resource_bundle.cc(304)] locale_file_path.empty()
[0317/211251:ERROR:main_delegate.cc(564)] Could not load locale pak for en-US
[0317/211251:ERROR:main_delegate.cc(571)] Could not load cef.pak
[0317/211251:ERROR:main_delegate.cc(588)] Could not load cef_100_percent.pak
[0317/211252:WARNING:resource_bundle.cc(304)] locale_file_path.empty()
[0317/211252:ERROR:main_delegate.cc(564)] Could not load locale pak for en-US
[0317/211252:ERROR:main_delegate.cc(571)] Could not load cef.pak
[0317/211252:ERROR:main_delegate.cc(588)] Could not load cef_100_percent.pak
[0317/211301:WARNING:resource_bundle.cc(304)] locale_file_path.empty()
[0317/211301:ERROR:main_delegate.cc(564)] Could not load locale pak for en-US
[0317/211301:ERROR:main_delegate.cc(571)] Could not load cef.pak
[0317/211301:ERROR:main_delegate.cc(588)] Could not load cef_100_percent.pak
[0317/211301:WARNING:resource_bundle.cc(497)] locale resources are not loaded
[0317/211301:WARNING:resource_bundle.cc(304)] locale_file_path.empty()
[0317/211301:ERROR:main_delegate.cc(564)] Could not load locale pak for en-US
[0317/211301:ERROR:main_delegate.cc(571)] Could not load cef.pak
[0317/211301:ERROR:main_delegate.cc(588)] Could not load cef_100_percent.pak
[0317/211303:WARNING:resource_bundle.cc(304)] locale_file_path.empty()
[0317/211303:ERROR:main_delegate.cc(564)] Could not load locale pak for en-US
[0317/211303:ERROR:main_delegate.cc(571)] Could not load cef.pak
[0317/211303:ERROR:main_delegate.cc(588)] Could not load cef_100_percent.pak
[0317/211303:WARNING:resource_bundle.cc(497)] locale resources are not loaded
[0317/211303:WARNING:resource_bundle.cc(304)] locale_file_path.empty()
[0317/211303:ERROR:main_delegate.cc(564)] Could not load locale pak for en-US
[0317/211303:ERROR:main_delegate.cc(571)] Could not load cef.pak
[0317/211303:ERROR:main_delegate.cc(588)] Could not load cef_100_percent.pak
[0317/211307:WARNING:resource_bundle.cc(304)] locale_file_path.empty()
[0317/211307:ERROR:main_delegate.cc(564)] Could not load locale pak for en-US
[0317/211307:ERROR:main_delegate.cc(571)] Could not load cef.pak
[0317/211307:ERROR:main_delegate.cc(588)] Could not load cef_100_percent.pak
[0317/211307:ERROR:renderer_main.cc(207)] Running without renderer sandbox
[0318/083459:WARNING:resource_bundle.cc(304)] locale_file_path.empty()
[0318/083459:ERROR:main_delegate.cc(564)] Could not load locale pak for en-US
[0318/083459:ERROR:main_delegate.cc(571)] Could not load cef.pak
[0318/083459:ERROR:main_delegate.cc(588)] Could not load cef_100_percent.pak
[0318/083459:WARNING:resource_bundle.cc(497)] locale resources are not loaded
[0318/083459:WARNING:resource_bundle.cc(304)] locale_file_path.empty()
[0318/083459:ERROR:main_delegate.cc(564)] Could not load locale pak for en-US
[0318/083459:ERROR:main_delegate.cc(571)] Could not load cef.pak
[0318/083459:ERROR:main_delegate.cc(588)] Could not load cef_100_percent.pak
[0318/083459:WARNING:resource_bundle.cc(497)] locale resources are not loaded
[0318/083500:WARNING:resource_bundle.cc(304)] locale_file_path.empty()
[0318/083500:ERROR:main_delegate.cc(564)] Could not load locale pak for en-US
[0318/083500:ERROR:main_delegate.cc(571)] Could not load cef.pak
[0318/083500:ERROR:main_delegate.cc(588)] Could not load cef_100_percent.pak
[0318/083500:WARNING:resource_bundle.cc(497)] locale resources are not loaded
[0318/083501:WARNING:resource_bundle.cc(304)] locale_file_path.empty()
[0318/083501:ERROR:main_delegate.cc(564)] Could not load locale pak for en-US
[0318/083501:ERROR:main_delegate.cc(571)] Could not load cef.pak
[0318/083501:ERROR:main_delegate.cc(588)] Could not load cef_100_percent.pak
[0318/083502:WARNING:resource_bundle.cc(304)] locale_file_path.empty()
[0318/083502:ERROR:main_delegate.cc(564)] Could not load locale pak for en-US
[0318/083502:ERROR:main_delegate.cc(571)] Could not load cef.pak
[0318/083502:ERROR:main_delegate.cc(588)] Could not load cef_100_percent.pak
[0318/083503:WARNING:resource_bundle.cc(304)] locale_file_path.empty()
[0318/083503:ERROR:main_delegate.cc(564)] Could not load locale pak for en-US
[0318/083503:ERROR:main_delegate.cc(571)] Could not load cef.pak
[0318/083503:ERROR:main_delegate.cc(588)] Could not load cef_100_percent.pak
[0318/083512:WARNING:resource_bundle.cc(304)] locale_file_path.empty()
[0318/083512:ERROR:main_delegate.cc(564)] Could not load locale pak for en-US
[0318/083512:ERROR:main_delegate.cc(571)] Could not load cef.pak
[0318/083512:ERROR:main_delegate.cc(588)] Could not load cef_100_percent.pak
[0318/083512:ERROR:renderer_main.cc(207)] Running without renderer sandbox
[0318/083513:WARNING:resource_bundle.cc(304)] locale_file_path.empty()
[0318/083513:ERROR:main_delegate.cc(564)] Could not load locale pak for en-US
[0318/083513:ERROR:main_delegate.cc(571)] Could not load cef.pak
[0318/083513:ERROR:main_delegate.cc(588)] Could not load cef_100_percent.pak
[0318/083513:ERROR:renderer_main.cc(207)] Running without renderer sandbox
[0318/083515:WARNING:resource_bundle.cc(304)] locale_file_path.empty()
[0318/083515:ERROR:main_delegate.cc(564)] Could not load locale pak for en-US
[0318/083515:ERROR:main_delegate.cc(571)] Could not load cef.pak
[0318/083515:ERROR:main_delegate.cc(588)] Could not load cef_100_percent.pak
[0318/083515:ERROR:renderer_main.cc(207)] Running without renderer sandbox
[0318/083516:WARNING:resource_bundle.cc(304)] locale_file_path.empty()
[0318/083516:ERROR:main_delegate.cc(564)] Could not load locale pak for en-US
[0318/083516:ERROR:main_delegate.cc(571)] Could not load cef.pak
[0318/083516:ERROR:main_delegate.cc(588)] Could not load cef_100_percent.pak
[0318/083516:WARNING:resource_bundle.cc(497)] locale resources are not loaded
[0318/083519:WARNING:resource_bundle.cc(304)] locale_file_path.empty()
[0318/083520:ERROR:main_delegate.cc(564)] Could not load locale pak for en-US
[0318/083520:ERROR:main_delegate.cc(571)] Could not load cef.pak
[0318/083520:ERROR:main_delegate.cc(588)] Could not load cef_100_percent.pak
[0318/083526:WARNING:resource_bundle.cc(304)] locale_file_path.empty()
[0318/083526:ERROR:main_delegate.cc(564)] Could not load locale pak for en-US
[0318/083526:ERROR:main_delegate.cc(571)] Could not load cef.pak
[0318/083526:ERROR:main_delegate.cc(588)] Could not load cef_100_percent.pak
[0318/083526:ERROR:renderer_main.cc(207)] Running without renderer sandbox
[0318/083942:WARNING:resource_bundle.cc(304)] locale_file_path.empty()
[0318/083942:ERROR:main_delegate.cc(564)] Could not load locale pak for en-US
[0318/083942:ERROR:main_delegate.cc(571)] Could not load cef.pak
[0318/083942:ERROR:main_delegate.cc(588)] Could not load cef_100_percent.pak
[0318/083942:WARNING:resource_bundle.cc(497)] locale resources are not loaded
[0318/083942:WARNING:resource_bundle.cc(304)] locale_file_path.empty()
[0318/083942:ERROR:main_delegate.cc(564)] Could not load locale pak for en-US
[0318/083942:ERROR:main_delegate.cc(571)] Could not load cef.pak
[0318/083942:ERROR:main_delegate.cc(588)] Could not load cef_100_percent.pak
[0318/083946:WARNING:resource_bundle.cc(304)] locale_file_path.empty()
[0318/083946:ERROR:main_delegate.cc(564)] Could not load locale pak for en-US
[0318/083946:ERROR:main_delegate.cc(571)] Could not load cef.pak
[0318/083946:ERROR:main_delegate.cc(588)] Could not load cef_100_percent.pak
[0318/083946:ERROR:renderer_main.cc(207)] Running without renderer sandbox
[0318/084134:WARNING:resource_bundle.cc(304)] locale_file_path.empty()
[0318/084134:ERROR:main_delegate.cc(564)] Could not load locale pak for en-US
[0318/084134:ERROR:main_delegate.cc(571)] Could not load cef.pak
[0318/084134:ERROR:main_delegate.cc(588)] Could not load cef_100_percent.pak
[0318/084134:WARNING:resource_bundle.cc(497)] locale resources are not loaded
[0318/084135:WARNING:resource_bundle.cc(304)] locale_file_path.empty()
[0318/084135:ERROR:main_delegate.cc(564)] Could not load locale pak for en-US
[0318/084135:ERROR:main_delegate.cc(571)] Could not load cef.pak
[0318/084135:ERROR:main_delegate.cc(588)] Could not load cef_100_percent.pak
[0318/084137:WARNING:resource_bundle.cc(304)] locale_file_path.empty()
[0318/084137:ERROR:main_delegate.cc(564)] Could not load locale pak for en-US
[0318/084137:ERROR:main_delegate.cc(571)] Could not load cef.pak
[0318/084137:ERROR:main_delegate.cc(588)] Could not load cef_100_percent.pak
[0318/084137:WARNING:resource_bundle.cc(497)] locale resources are not loaded
[0318/084138:WARNING:resource_bundle.cc(304)] locale_file_path.empty()
[0318/084138:ERROR:main_delegate.cc(564)] Could not load locale pak for en-US
[0318/084138:ERROR:main_delegate.cc(571)] Could not load cef.pak
[0318/084138:ERROR:main_delegate.cc(588)] Could not load cef_100_percent.pak
[0318/084138:WARNING:resource_bundle.cc(304)] locale_file_path.empty()
[0318/084138:ERROR:main_delegate.cc(564)] Could not load locale pak for en-US
[0318/084138:ERROR:main_delegate.cc(571)] Could not load cef.pak
[0318/084138:ERROR:main_delegate.cc(588)] Could not load cef_100_percent.pak
[0318/084138:WARNING:resource_bundle.cc(497)] locale resources are not loaded
[0318/084140:WARNING:resource_bundle.cc(304)] locale_file_path.empty()
[0318/084140:ERROR:main_delegate.cc(564)] Could not load locale pak for en-US
[0318/084140:ERROR:main_delegate.cc(571)] Could not load cef.pak
[0318/084140:ERROR:main_delegate.cc(588)] Could not load cef_100_percent.pak
[0318/084142:WARNING:resource_bundle.cc(304)] locale_file_path.empty()
[0318/084142:ERROR:main_delegate.cc(564)] Could not load locale pak for en-US
[0318/084142:ERROR:main_delegate.cc(571)] Could not load cef.pak
[0318/084142:ERROR:main_delegate.cc(588)] Could not load cef_100_percent.pak
[0318/084142:WARNING:resource_bundle.cc(497)] locale resources are not loaded
[0318/084145:WARNING:resource_bundle.cc(304)] locale_file_path.empty()
[0318/084145:ERROR:main_delegate.cc(564)] Could not load locale pak for en-US
[0318/084145:ERROR:main_delegate.cc(571)] Could not load cef.pak
[0318/084145:ERROR:main_delegate.cc(588)] Could not load cef_100_percent.pak
[0318/084146:WARNING:resource_bundle.cc(304)] locale_file_path.empty()
[0318/084146:ERROR:main_delegate.cc(564)] Could not load locale pak for en-US
[0318/084146:ERROR:main_delegate.cc(571)] Could not load cef.pak
[0318/084146:ERROR:main_delegate.cc(588)] Could not load cef_100_percent.pak
[0318/084146:ERROR:renderer_main.cc(207)] Running without renderer sandbox
[0318/084147:WARNING:resource_bundle.cc(304)] locale_file_path.empty()
[0318/084147:ERROR:main_delegate.cc(564)] Could not load locale pak for en-US
[0318/084147:ERROR:main_delegate.cc(571)] Could not load cef.pak
[0318/084147:ERROR:main_delegate.cc(588)] Could not load cef_100_percent.pak
[0318/084147:ERROR:renderer_main.cc(207)] Running without renderer sandbox
[0318/084147:WARNING:resource_bundle.cc(304)] locale_file_path.empty()
[0318/084147:ERROR:main_delegate.cc(564)] Could not load locale pak for en-US
[0318/084147:ERROR:main_delegate.cc(571)] Could not load cef.pak
[0318/084147:ERROR:main_delegate.cc(588)] Could not load cef_100_percent.pak
[0318/084147:ERROR:renderer_main.cc(207)] Running without renderer sandbox
[0318/084153:WARNING:resource_bundle.cc(304)] locale_file_path.empty()
[0318/084153:ERROR:main_delegate.cc(564)] Could not load locale pak for en-US
[0318/084153:ERROR:main_delegate.cc(571)] Could not load cef.pak
[0318/084153:ERROR:main_delegate.cc(588)] Could not load cef_100_percent.pak
[0318/084153:ERROR:renderer_main.cc(207)] Running without renderer sandbox
[0318/085014:ERROR:ipc_channel_win.cc(460)] pipe error: 232
[0318/085017:WARNING:resource_bundle.cc(304)] locale_file_path.empty()
[0318/085017:ERROR:main_delegate.cc(564)] Could not load locale pak for en-US
[0318/085017:ERROR:main_delegate.cc(571)] Could not load cef.pak
[0318/085017:ERROR:main_delegate.cc(588)] Could not load cef_100_percent.pak
[0318/085018:WARNING:resource_bundle.cc(497)] locale resources are not loaded
[0318/085018:WARNING:resource_bundle.cc(304)] locale_file_path.empty()
[0318/085018:ERROR:main_delegate.cc(564)] Could not load locale pak for en-US
[0318/085018:ERROR:main_delegate.cc(571)] Could not load cef.pak
[0318/085018:ERROR:main_delegate.cc(588)] Could not load cef_100_percent.pak
[0318/085018:WARNING:resource_bundle.cc(304)] locale_file_path.empty()
[0318/085018:ERROR:main_delegate.cc(564)] Could not load locale pak for en-US
[0318/085018:ERROR:main_delegate.cc(571)] Could not load cef.pak
[0318/085018:ERROR:main_delegate.cc(588)] Could not load cef_100_percent.pak
[0318/085019:WARNING:resource_bundle.cc(497)] locale resources are not loaded
[0318/085019:WARNING:resource_bundle.cc(304)] locale_file_path.empty()
[0318/085019:ERROR:main_delegate.cc(564)] Could not load locale pak for en-US
[0318/085019:ERROR:main_delegate.cc(571)] Could not load cef.pak
[0318/085019:ERROR:main_delegate.cc(588)] Could not load cef_100_percent.pak
[0318/085022:WARNING:resource_bundle.cc(304)] locale_file_path.empty()
[0318/085022:ERROR:main_delegate.cc(564)] Could not load locale pak for en-US
[0318/085022:ERROR:main_delegate.cc(571)] Could not load cef.pak
[0318/085022:ERROR:main_delegate.cc(588)] Could not load cef_100_percent.pak
[0318/085022:ERROR:renderer_main.cc(207)] Running without renderer sandbox
[0318/085024:WARNING:resource_bundle.cc(304)] locale_file_path.empty()
[0318/085024:ERROR:main_delegate.cc(564)] Could not load locale pak for en-US
[0318/085024:ERROR:main_delegate.cc(571)] Could not load cef.pak
[0318/085024:ERROR:main_delegate.cc(588)] Could not load cef_100_percent.pak
[0318/085024:ERROR:renderer_main.cc(207)] Running without renderer sandbox
[0318/085037:WARNING:resource_bundle.cc(304)] locale_file_path.empty()
[0318/085037:ERROR:main_delegate.cc(564)] Could not load locale pak for en-US
[0318/085037:ERROR:main_delegate.cc(571)] Could not load cef.pak
[0318/085037:ERROR:main_delegate.cc(588)] Could not load cef_100_percent.pak
[0318/085037:WARNING:resource_bundle.cc(497)] locale resources are not loaded
[0318/085037:WARNING:resource_bundle.cc(304)] locale_file_path.empty()
[0318/085037:ERROR:main_delegate.cc(564)] Could not load locale pak for en-US
[0318/085037:ERROR:main_delegate.cc(571)] Could not load cef.pak
[0318/085037:ERROR:main_delegate.cc(588)] Could not load cef_100_percent.pak
[0318/085039:WARNING:resource_bundle.cc(304)] locale_file_path.empty()
[0318/085039:ERROR:main_delegate.cc(564)] Could not load locale pak for en-US
[0318/085039:ERROR:main_delegate.cc(571)] Could not load cef.pak
[0318/085039:ERROR:main_delegate.cc(588)] Could not load cef_100_percent.pak
[0318/085039:WARNING:resource_bundle.cc(497)] locale resources are not loaded
[0318/085039:WARNING:resource_bundle.cc(304)] locale_file_path.empty()
[0318/085039:ERROR:main_delegate.cc(564)] Could not load locale pak for en-US
[0318/085039:ERROR:main_delegate.cc(571)] Could not load cef.pak
[0318/085039:ERROR:main_delegate.cc(588)] Could not load cef_100_percent.pak
[0318/085042:WARNING:resource_bundle.cc(304)] locale_file_path.empty()
[0318/085042:ERROR:main_delegate.cc(564)] Could not load locale pak for en-US
[0318/085042:ERROR:main_delegate.cc(571)] Could not load cef.pak
[0318/085042:ERROR:main_delegate.cc(588)] Could not load cef_100_percent.pak
[0318/085042:ERROR:renderer_main.cc(207)] Running without renderer sandbox
[0318/085044:WARNING:resource_bundle.cc(304)] locale_file_path.empty()
[0318/085044:ERROR:main_delegate.cc(564)] Could not load locale pak for en-US
[0318/085044:ERROR:main_delegate.cc(571)] Could not load cef.pak
[0318/085044:ERROR:main_delegate.cc(588)] Could not load cef_100_percent.pak
[0318/085044:ERROR:renderer_main.cc(207)] Running without renderer sandbox
[0318/085345:WARNING:resource_bundle.cc(304)] locale_file_path.empty()
[0318/085345:ERROR:main_delegate.cc(564)] Could not load locale pak for en-US
[0318/085345:ERROR:main_delegate.cc(571)] Could not load cef.pak
[0318/085345:ERROR:main_delegate.cc(588)] Could not load cef_100_percent.pak
[0318/085345:WARNING:resource_bundle.cc(497)] locale resources are not loaded
[0318/085345:WARNING:resource_bundle.cc(304)] locale_file_path.empty()
[0318/085345:ERROR:main_delegate.cc(564)] Could not load locale pak for en-US
[0318/085345:ERROR:main_delegate.cc(571)] Could not load cef.pak
[0318/085345:ERROR:main_delegate.cc(588)] Could not load cef_100_percent.pak
[0318/085348:WARNING:resource_bundle.cc(304)] locale_file_path.empty()
[0318/085348:ERROR:main_delegate.cc(564)] Could not load locale pak for en-US
[0318/085348:ERROR:main_delegate.cc(571)] Could not load cef.pak
[0318/085348:ERROR:main_delegate.cc(588)] Could not load cef_100_percent.pak
[0318/085348:ERROR:renderer_main.cc(207)] Running without renderer sandbox
[0318/085441:WARNING:resource_bundle.cc(304)] locale_file_path.empty()
[0318/085441:ERROR:main_delegate.cc(564)] Could not load locale pak for en-US
[0318/085441:ERROR:main_delegate.cc(571)] Could not load cef.pak
[0318/085441:ERROR:main_delegate.cc(588)] Could not load cef_100_percent.pak
[0318/085441:WARNING:resource_bundle.cc(497)] locale resources are not loaded
[0318/085441:WARNING:resource_bundle.cc(304)] locale_file_path.empty()
[0318/085441:ERROR:main_delegate.cc(564)] Could not load locale pak for en-US
[0318/085441:ERROR:main_delegate.cc(571)] Could not load cef.pak
[0318/085441:ERROR:main_delegate.cc(588)] Could not load cef_100_percent.pak
[0318/100807:WARNING:resource_bundle.cc(304)] locale_file_path.empty()
[0318/100807:ERROR:main_delegate.cc(564)] Could not load locale pak for en-US
[0318/100807:ERROR:main_delegate.cc(571)] Could not load cef.pak
[0318/100807:ERROR:main_delegate.cc(588)] Could not load cef_100_percent.pak
[0318/100807:WARNING:resource_bundle.cc(497)] locale resources are not loaded
[0318/100807:WARNING:resource_bundle.cc(304)] locale_file_path.empty()
[0318/100807:ERROR:main_delegate.cc(564)] Could not load locale pak for en-US
[0318/100807:ERROR:main_delegate.cc(571)] Could not load cef.pak
[0318/100807:ERROR:main_delegate.cc(588)] Could not load cef_100_percent.pak
[0318/100814:WARNING:resource_bundle.cc(304)] locale_file_path.empty()
[0318/100814:ERROR:main_delegate.cc(564)] Could not load locale pak for en-US
[0318/100814:ERROR:main_delegate.cc(571)] Could not load cef.pak
[0318/100814:ERROR:main_delegate.cc(588)] Could not load cef_100_percent.pak
[0318/100814:ERROR:renderer_main.cc(207)] Running without renderer sandbox
[0318/100819:WARNING:resource_bundle.cc(304)] locale_file_path.empty()
[0318/100819:ERROR:main_delegate.cc(564)] Could not load locale pak for en-US
[0318/100819:ERROR:main_delegate.cc(571)] Could not load cef.pak
[0318/100819:ERROR:main_delegate.cc(588)] Could not load cef_100_percent.pak
[0318/100819:WARNING:resource_bundle.cc(497)] locale resources are not loaded
[0318/100823:WARNING:resource_bundle.cc(304)] locale_file_path.empty()
[0318/100823:ERROR:main_delegate.cc(564)] Could not load locale pak for en-US
[0318/100823:ERROR:main_delegate.cc(571)] Could not load cef.pak
[0318/100823:ERROR:main_delegate.cc(588)] Could not load cef_100_percent.pak
[0318/100828:WARNING:resource_bundle.cc(304)] locale_file_path.empty()
[0318/100828:ERROR:main_delegate.cc(564)] Could not load locale pak for en-US
[0318/100828:ERROR:main_delegate.cc(571)] Could not load cef.pak
[0318/100828:ERROR:main_delegate.cc(588)] Could not load cef_100_percent.pak
[0318/100828:ERROR:renderer_main.cc(207)] Running without renderer sandbox
[0318/100832:WARNING:resource_bundle.cc(304)] locale_file_path.empty()
[0318/100832:ERROR:main_delegate.cc(564)] Could not load locale pak for en-US
[0318/100832:ERROR:main_delegate.cc(571)] Could not load cef.pak
[0318/100832:ERROR:main_delegate.cc(588)] Could not load cef_100_percent.pak
[0318/100832:WARNING:resource_bundle.cc(497)] locale resources are not loaded
[0318/100833:WARNING:resource_bundle.cc(304)] locale_file_path.empty()
[0318/100833:ERROR:main_delegate.cc(564)] Could not load locale pak for en-US
[0318/100833:ERROR:main_delegate.cc(571)] Could not load cef.pak
[0318/100833:ERROR:main_delegate.cc(588)] Could not load cef_100_percent.pak
[0318/100849:WARNING:resource_bundle.cc(304)] locale_file_path.empty()
[0318/100849:ERROR:main_delegate.cc(564)] Could not load locale pak for en-US
[0318/100849:ERROR:main_delegate.cc(571)] Could not load cef.pak
[0318/100849:ERROR:main_delegate.cc(588)] Could not load cef_100_percent.pak
[0318/100849:WARNING:resource_bundle.cc(497)] locale resources are not loaded
[0318/100850:WARNING:resource_bundle.cc(304)] locale_file_path.empty()
[0318/100850:ERROR:main_delegate.cc(564)] Could not load locale pak for en-US
[0318/100850:ERROR:main_delegate.cc(571)] Could not load cef.pak
[0318/100850:ERROR:main_delegate.cc(588)] Could not load cef_100_percent.pak
[0318/100850:WARNING:resource_bundle.cc(497)] locale resources are not loaded
[0318/100850:WARNING:resource_bundle.cc(304)] locale_file_path.empty()
[0318/100850:ERROR:main_delegate.cc(564)] Could not load locale pak for en-US
[0318/100850:ERROR:main_delegate.cc(571)] Could not load cef.pak
[0318/100850:ERROR:main_delegate.cc(588)] Could not load cef_100_percent.pak
[0318/100850:WARNING:resource_bundle.cc(304)] locale_file_path.empty()
[0318/100850:ERROR:main_delegate.cc(564)] Could not load locale pak for en-US
[0318/100850:ERROR:main_delegate.cc(571)] Could not load cef.pak
[0318/100850:ERROR:main_delegate.cc(588)] Could not load cef_100_percent.pak
[0318/100850:WARNING:resource_bundle.cc(497)] locale resources are not loaded
[0318/100851:WARNING:resource_bundle.cc(304)] locale_file_path.empty()
[0318/100851:ERROR:main_delegate.cc(564)] Could not load locale pak for en-US
[0318/100851:ERROR:main_delegate.cc(571)] Could not load cef.pak
[0318/100851:ERROR:main_delegate.cc(588)] Could not load cef_100_percent.pak
[0318/100852:WARNING:resource_bundle.cc(304)] locale_file_path.empty()
[0318/100852:ERROR:main_delegate.cc(564)] Could not load locale pak for en-US
[0318/100852:ERROR:main_delegate.cc(571)] Could not load cef.pak
[0318/100852:ERROR:main_delegate.cc(588)] Could not load cef_100_percent.pak
[0318/100858:WARNING:resource_bundle.cc(304)] locale_file_path.empty()
[0318/100858:ERROR:main_delegate.cc(564)] Could not load locale pak for en-US
[0318/100858:ERROR:main_delegate.cc(571)] Could not load cef.pak
[0318/100858:ERROR:main_delegate.cc(588)] Could not load cef_100_percent.pak
[0318/100858:ERROR:renderer_main.cc(207)] Running without renderer sandbox
[0318/100858:WARNING:resource_bundle.cc(304)] locale_file_path.empty()
[0318/100858:ERROR:main_delegate.cc(564)] Could not load locale pak for en-US
[0318/100858:ERROR:main_delegate.cc(571)] Could not load cef.pak
[0318/100858:ERROR:main_delegate.cc(588)] Could not load cef_100_percent.pak
[0318/100858:ERROR:renderer_main.cc(207)] Running without renderer sandbox
[0318/100900:WARNING:resource_bundle.cc(304)] locale_file_path.empty()
[0318/100900:ERROR:main_delegate.cc(564)] Could not load locale pak for en-US
[0318/100900:ERROR:main_delegate.cc(571)] Could not load cef.pak
[0318/100900:ERROR:main_delegate.cc(588)] Could not load cef_100_percent.pak
[0318/100900:ERROR:renderer_main.cc(207)] Running without renderer sandbox
[0318/100916:WARNING:resource_bundle.cc(304)] locale_file_path.empty()
[0318/100916:ERROR:main_delegate.cc(564)] Could not load locale pak for en-US
[0318/100916:ERROR:main_delegate.cc(571)] Could not load cef.pak
[0318/100916:ERROR:main_delegate.cc(588)] Could not load cef_100_percent.pak
[0318/100916:WARNING:resource_bundle.cc(497)] locale resources are not loaded
[0318/100916:WARNING:resource_bundle.cc(304)] locale_file_path.empty()
[0318/100916:ERROR:main_delegate.cc(564)] Could not load locale pak for en-US
[0318/100916:ERROR:main_delegate.cc(571)] Could not load cef.pak
[0318/100916:ERROR:main_delegate.cc(588)] Could not load cef_100_percent.pak
[0318/100922:WARNING:resource_bundle.cc(304)] locale_file_path.empty()
[0318/100922:ERROR:main_delegate.cc(564)] Could not load locale pak for en-US
[0318/100922:ERROR:main_delegate.cc(571)] Could not load cef.pak
[0318/100922:ERROR:main_delegate.cc(588)] Could not load cef_100_percent.pak
[0318/100922:ERROR:renderer_main.cc(207)] Running without renderer sandbox
[0318/100942:WARNING:resource_bundle.cc(304)] locale_file_path.empty()
[0318/100942:ERROR:main_delegate.cc(564)] Could not load locale pak for en-US
[0318/100942:ERROR:main_delegate.cc(571)] Could not load cef.pak
[0318/100942:ERROR:main_delegate.cc(588)] Could not load cef_100_percent.pak
[0318/100942:WARNING:resource_bundle.cc(497)] locale resources are not loaded
[0318/100943:WARNING:resource_bundle.cc(304)] locale_file_path.empty()
[0318/100943:ERROR:main_delegate.cc(564)] Could not load locale pak for en-US
[0318/100943:ERROR:main_delegate.cc(571)] Could not load cef.pak
[0318/100943:ERROR:main_delegate.cc(588)] Could not load cef_100_percent.pak
[0318/100944:WARNING:resource_bundle.cc(304)] locale_file_path.empty()
[0318/100944:ERROR:main_delegate.cc(564)] Could not load locale pak for en-US
[0318/100944:ERROR:main_delegate.cc(571)] Could not load cef.pak
[0318/100944:ERROR:main_delegate.cc(588)] Could not load cef_100_percent.pak
[0318/100944:WARNING:resource_bundle.cc(497)] locale resources are not loaded
[0318/100945:WARNING:resource_bundle.cc(304)] locale_file_path.empty()
[0318/100945:ERROR:main_delegate.cc(564)] Could not load locale pak for en-US
[0318/100945:ERROR:main_delegate.cc(571)] Could not load cef.pak
[0318/100945:ERROR:main_delegate.cc(588)] Could not load cef_100_percent.pak
[0318/100947:WARNING:resource_bundle.cc(304)] locale_file_path.empty()
[0318/100947:ERROR:main_delegate.cc(564)] Could not load locale pak for en-US
[0318/100947:ERROR:main_delegate.cc(571)] Could not load cef.pak
[0318/100947:ERROR:main_delegate.cc(588)] Could not load cef_100_percent.pak
[0318/100947:WARNING:resource_bundle.cc(497)] locale resources are not loaded
[0318/100949:WARNING:resource_bundle.cc(304)] locale_file_path.empty()
[0318/100949:ERROR:main_delegate.cc(564)] Could not load locale pak for en-US
[0318/100949:ERROR:main_delegate.cc(571)] Could not load cef.pak
[0318/100949:ERROR:main_delegate.cc(588)] Could not load cef_100_percent.pak
[0318/100951:WARNING:resource_bundle.cc(304)] locale_file_path.empty()
[0318/100951:ERROR:main_delegate.cc(564)] Could not load locale pak for en-US
[0318/100951:ERROR:main_delegate.cc(571)] Could not load cef.pak
[0318/100951:ERROR:main_delegate.cc(588)] Could not load cef_100_percent.pak
[0318/100951:ERROR:renderer_main.cc(207)] Running without renderer sandbox
[0318/100952:WARNING:resource_bundle.cc(304)] locale_file_path.empty()
[0318/100952:ERROR:main_delegate.cc(564)] Could not load locale pak for en-US
[0318/100952:ERROR:main_delegate.cc(571)] Could not load cef.pak
[0318/100952:ERROR:main_delegate.cc(588)] Could not load cef_100_percent.pak
[0318/100952:ERROR:renderer_main.cc(207)] Running without renderer sandbox
[0318/101001:WARNING:resource_bundle.cc(304)] locale_file_path.empty()
[0318/101001:ERROR:main_delegate.cc(564)] Could not load locale pak for en-US
[0318/101001:ERROR:main_delegate.cc(571)] Could not load cef.pak
[0318/101001:ERROR:main_delegate.cc(588)] Could not load cef_100_percent.pak
[0318/101002:WARNING:resource_bundle.cc(497)] locale resources are not loaded
[0318/101002:WARNING:resource_bundle.cc(304)] locale_file_path.empty()
[0318/101002:ERROR:main_delegate.cc(564)] Could not load locale pak for en-US
[0318/101002:ERROR:main_delegate.cc(571)] Could not load cef.pak
[0318/101002:ERROR:main_delegate.cc(588)] Could not load cef_100_percent.pak
[0318/101004:WARNING:resource_bundle.cc(304)] locale_file_path.empty()
[0318/101004:ERROR:main_delegate.cc(564)] Could not load locale pak for en-US
[0318/101004:ERROR:main_delegate.cc(571)] Could not load cef.pak
[0318/101004:ERROR:main_delegate.cc(588)] Could not load cef_100_percent.pak
[0318/101004:WARNING:resource_bundle.cc(497)] locale resources are not loaded
[0318/101004:WARNING:resource_bundle.cc(304)] locale_file_path.empty()
[0318/101004:ERROR:main_delegate.cc(564)] Could not load locale pak for en-US
[0318/101004:ERROR:main_delegate.cc(571)] Could not load cef.pak
[0318/101004:ERROR:main_delegate.cc(588)] Could not load cef_100_percent.pak
[0318/101008:WARNING:resource_bundle.cc(304)] locale_file_path.empty()
[0318/101008:ERROR:main_delegate.cc(564)] Could not load locale pak for en-US
[0318/101008:ERROR:main_delegate.cc(571)] Could not load cef.pak
[0318/101008:ERROR:main_delegate.cc(588)] Could not load cef_100_percent.pak
[0318/101008:ERROR:renderer_main.cc(207)] Running without renderer sandbox
[0318/101011:WARNING:resource_bundle.cc(304)] locale_file_path.empty()
[0318/101011:ERROR:main_delegate.cc(564)] Could not load locale pak for en-US
[0318/101011:ERROR:main_delegate.cc(571)] Could not load cef.pak
[0318/101011:ERROR:main_delegate.cc(588)] Could not load cef_100_percent.pak
[0318/101011:ERROR:renderer_main.cc(207)] Running without renderer sandbox
[0318/101027:WARNING:resource_bundle.cc(304)] locale_file_path.empty()
[0318/101027:ERROR:main_delegate.cc(564)] Could not load locale pak for en-US
[0318/101027:ERROR:main_delegate.cc(571)] Could not load cef.pak
[0318/101027:ERROR:main_delegate.cc(588)] Could not load cef_100_percent.pak
[0318/101027:WARNING:resource_bundle.cc(497)] locale resources are not loaded
[0318/101027:WARNING:resource_bundle.cc(304)] locale_file_path.empty()
[0318/101027:ERROR:main_delegate.cc(564)] Could not load locale pak for en-US
[0318/101027:ERROR:main_delegate.cc(571)] Could not load cef.pak
[0318/101027:ERROR:main_delegate.cc(588)] Could not load cef_100_percent.pak
[0318/101027:WARNING:resource_bundle.cc(497)] locale resources are not loaded
[0318/101027:WARNING:resource_bundle.cc(304)] locale_file_path.empty()
[0318/101027:ERROR:main_delegate.cc(564)] Could not load locale pak for en-US
[0318/101027:ERROR:main_delegate.cc(571)] Could not load cef.pak
[0318/101027:ERROR:main_delegate.cc(588)] Could not load cef_100_percent.pak
[0318/101028:WARNING:resource_bundle.cc(304)] locale_file_path.empty()
[0318/101028:ERROR:main_delegate.cc(564)] Could not load locale pak for en-US
[0318/101028:ERROR:main_delegate.cc(571)] Could not load cef.pak
[0318/101028:ERROR:main_delegate.cc(588)] Could not load cef_100_percent.pak
[0318/101035:WARNING:resource_bundle.cc(304)] locale_file_path.empty()
[0318/101035:ERROR:main_delegate.cc(564)] Could not load locale pak for en-US
[0318/101035:ERROR:main_delegate.cc(571)] Could not load cef.pak
[0318/101035:ERROR:main_delegate.cc(588)] Could not load cef_100_percent.pak
[0318/101036:ERROR:renderer_main.cc(207)] Running without renderer sandbox
[0318/101036:WARNING:resource_bundle.cc(304)] locale_file_path.empty()
[0318/101036:ERROR:main_delegate.cc(564)] Could not load locale pak for en-US
[0318/101036:ERROR:main_delegate.cc(571)] Could not load cef.pak
[0318/101036:ERROR:main_delegate.cc(588)] Could not load cef_100_percent.pak
[0318/101036:ERROR:renderer_main.cc(207)] Running without renderer sandbox
[0318/101056:WARNING:resource_bundle.cc(304)] locale_file_path.empty()
[0318/101056:ERROR:main_delegate.cc(564)] Could not load locale pak for en-US
[0318/101056:ERROR:main_delegate.cc(571)] Could not load cef.pak
[0318/101056:ERROR:main_delegate.cc(588)] Could not load cef_100_percent.pak
[0318/101056:WARNING:resource_bundle.cc(497)] locale resources are not loaded
[0318/101057:WARNING:resource_bundle.cc(304)] locale_file_path.empty()
[0318/101057:ERROR:main_delegate.cc(564)] Could not load locale pak for en-US
[0318/101057:ERROR:main_delegate.cc(571)] Could not load cef.pak
[0318/101057:ERROR:main_delegate.cc(588)] Could not load cef_100_percent.pak
[0318/101100:WARNING:resource_bundle.cc(304)] locale_file_path.empty()
[0318/101100:ERROR:main_delegate.cc(564)] Could not load locale pak for en-US
[0318/101100:ERROR:main_delegate.cc(571)] Could not load cef.pak
[0318/101100:ERROR:main_delegate.cc(588)] Could not load cef_100_percent.pak
[0318/101100:WARNING:resource_bundle.cc(497)] locale resources are not loaded
[0318/101100:WARNING:resource_bundle.cc(304)] locale_file_path.empty()
[0318/101100:ERROR:main_delegate.cc(564)] Could not load locale pak for en-US
[0318/101100:ERROR:main_delegate.cc(571)] Could not load cef.pak
[0318/101100:ERROR:main_delegate.cc(588)] Could not load cef_100_percent.pak
